1729300640371	geckodriver	INFO	Listening on 127.0.0.1:41015
1729300640737	mozrunner::runner	INFO	Running command: MOZ_CRASHREPORTER="1" MOZ_CRASHREPORTER_NO_REPORT="1" MOZ_CRASHREPORTER_SHUTDOWN="1" MOZ_NO_REMOTE="1" "/opt ... ss" "--remote-debugging-port" "59857" "--remote-allow-hosts" "localhost" "-no-remote" "-profile" "/tmp/rust_mozprofileGjVJF7"
*** You are running in headless mode.
console.warn: services.settings: Ignoring preference override of remote settings server
console.warn: services.settings: Allow by setting MOZ_REMOTE_SETTINGS_DEVTOOLS=1 in the environment
[GFX1-]: glxtest: Unable to open a connection to the X server
1729300640934	Marionette	INFO	Marionette enabled
console.error: "Warning: unrecognized command line flag" "-width"
console.error: "Warning: unrecognized command line flag" "-height"
1729300641012	Marionette	INFO	Listening on port 44189
WebDriver BiDi listening on ws://127.0.0.1:59857
Read port: 44189
1729300641124	RemoteAgent	WARN	TLS certificate errors will be ignored for this session
[GFX1-]: RenderCompositorSWGL failed mapping default framebuffer, no dt
console.error: ({})
JavaScript error: https://adengroup.com/wp-content/uploads/hummingbird-assets/dd974d33928d42c43e129ddafee71acf.js, line 6: TypeError: cityMobile is null
JavaScript error: https://adengroup.com/wp-content/uploads/hummingbird-assets/dd974d33928d42c43e129ddafee71acf.js, line 6: TypeError: v is null
JavaScript error: https://adengroup.com/wp-content/uploads/hummingbird-assets/dd974d33928d42c43e129ddafee71acf.js, line 6: TypeError: e is null
JavaScript error: https://adengroup.com/wp-content/uploads/hummingbird-assets/3791a5c778c840d626cd07bfd57ef196.js, line 21: TypeError: this.slides is undefined
JavaScript error: https://adengroup.com/wp-content/uploads/hummingbird-assets/dd974d33928d42c43e129ddafee71acf.js, line 6: TypeError: cityContents is undefined
JavaScript error: https://adengroup.com/wp-content/uploads/hummingbird-assets/dd974d33928d42c43e129ddafee71acf.js, line 6: TypeError: cityContents is undefined
1729300657127	Marionette	INFO	Stopped listening on port 44189
1729300657721	geckodriver	INFO	Listening on 127.0.0.1:39885
1729300658226	mozrunner::runner	INFO	Running command: MOZ_CRASHREPORTER="1" MOZ_CRASHREPORTER_NO_REPORT="1" MOZ_CRASHREPORTER_SHUTDOWN="1" MOZ_NO_REMOTE="1" "/opt ... ss" "--remote-debugging-port" "58339" "--remote-allow-hosts" "localhost" "-no-remote" "-profile" "/tmp/rust_mozprofileeIN27i"
*** You are running in headless mode.
console.warn: services.settings: Ignoring preference override of remote settings server
console.warn: services.settings: Allow by setting MOZ_REMOTE_SETTINGS_DEVTOOLS=1 in the environment
[GFX1-]: glxtest: Unable to open a connection to the X server
1729300658418	Marionette	INFO	Marionette enabled
console.error: "Warning: unrecognized command line flag" "-width"
console.error: "Warning: unrecognized command line flag" "-height"
1729300658481	Marionette	INFO	Listening on port 37937
WebDriver BiDi listening on ws://127.0.0.1:58339
Read port: 37937
1729300658611	RemoteAgent	WARN	TLS certificate errors will be ignored for this session
[GFX1-]: RenderCompositorSWGL failed mapping default framebuffer, no dt
console.error: ({})
console.error: CustomizableUI: 
  TypeError: aNode is null -- resource:///modules/CustomizableUI.sys.mjs:1788
console.error: CustomizableUI: 
  TypeError: aNode is null -- resource:///modules/CustomizableUI.sys.mjs:1788
console.error: CustomizableUI: 
  TypeError: aNode is null -- resource:///modules/CustomizableUI.sys.mjs:1788
JavaScript error: https://adengroup.com/wp-content/uploads/hummingbird-assets/dd974d33928d42c43e129ddafee71acf.js, line 6: TypeError: cityMobile is null
JavaScript error: https://adengroup.com/wp-content/uploads/hummingbird-assets/dd974d33928d42c43e129ddafee71acf.js, line 6: TypeError: v is null
JavaScript error: https://adengroup.com/wp-content/uploads/hummingbird-assets/dd974d33928d42c43e129ddafee71acf.js, line 6: TypeError: e is null
JavaScript error: https://adengroup.com/wp-content/uploads/hummingbird-assets/3791a5c778c840d626cd07bfd57ef196.js, line 21: TypeError: this.slides is undefined
JavaScript error: https://adengroup.com/wp-content/uploads/hummingbird-assets/dd974d33928d42c43e129ddafee71acf.js, line 6: TypeError: cityContents is undefined
JavaScript error: https://adengroup.com/wp-content/uploads/hummingbird-assets/dd974d33928d42c43e129ddafee71acf.js, line 6: TypeError: cityContents is undefined
1729300675395	Marionette	INFO	Stopped listening on port 37937
1729300747721	geckodriver	INFO	Listening on 127.0.0.1:60873
1729300748227	mozrunner::runner	INFO	Running command: MOZ_CRASHREPORTER="1" MOZ_CRASHREPORTER_NO_REPORT="1" MOZ_CRASHREPORTER_SHUTDOWN="1" MOZ_NO_REMOTE="1" "/opt ... ss" "--remote-debugging-port" "50153" "--remote-allow-hosts" "localhost" "-no-remote" "-profile" "/tmp/rust_mozprofiledbqwuE"
*** You are running in headless mode.
console.warn: services.settings: Ignoring preference override of remote settings server
console.warn: services.settings: Allow by setting MOZ_REMOTE_SETTINGS_DEVTOOLS=1 in the environment
[GFX1-]: glxtest: Unable to open a connection to the X server
1729300748416	Marionette	INFO	Marionette enabled
console.error: "Warning: unrecognized command line flag" "-width"
console.error: "Warning: unrecognized command line flag" "-height"
1729300748482	Marionette	INFO	Listening on port 40865
WebDriver BiDi listening on ws://127.0.0.1:50153
Read port: 40865
1729300748612	RemoteAgent	WARN	TLS certificate errors will be ignored for this session
[GFX1-]: RenderCompositorSWGL failed mapping default framebuffer, no dt
console.error: ({})
[Child 4560, MediaDecoderStateMachine #1] WARNING: Decoder=7f36436b5b00 state=DECODING_METADATA Decode metadata failed, shutting down decoder: file /builds/worker/checkouts/gecko/dom/media/MediaDecoderStateMachine.cpp:372
[Child 4560, MediaDecoderStateMachine #1] WARNING: Decoder=7f36436b5b00 Decode error: NS_ERROR_DOM_MEDIA_METADATA_ERR (0x806e0006): file /builds/worker/checkouts/gecko/dom/media/MediaDecoderStateMachineBase.cpp:167
1729300764841	Marionette	INFO	Stopped listening on port 40865
1729300765436	geckodriver	INFO	Listening on 127.0.0.1:38451
1729300765941	mozrunner::runner	INFO	Running command: MOZ_CRASHREPORTER="1" MOZ_CRASHREPORTER_NO_REPORT="1" MOZ_CRASHREPORTER_SHUTDOWN="1" MOZ_NO_REMOTE="1" "/opt ... ss" "--remote-debugging-port" "56465" "--remote-allow-hosts" "localhost" "-no-remote" "-profile" "/tmp/rust_mozprofileb3YpyK"
*** You are running in headless mode.
console.warn: services.settings: Ignoring preference override of remote settings server
console.warn: services.settings: Allow by setting MOZ_REMOTE_SETTINGS_DEVTOOLS=1 in the environment
[GFX1-]: glxtest: Unable to open a connection to the X server
1729300766128	Marionette	INFO	Marionette enabled
console.error: "Warning: unrecognized command line flag" "-width"
console.error: "Warning: unrecognized command line flag" "-height"
1729300766210	Marionette	INFO	Listening on port 43053
WebDriver BiDi listening on ws://127.0.0.1:56465
Read port: 43053
1729300766338	RemoteAgent	WARN	TLS certificate errors will be ignored for this session
[GFX1-]: RenderCompositorSWGL failed mapping default framebuffer, no dt
console.error: ({})
console.error: CustomizableUI: 
  TypeError: aNode is null -- resource:///modules/CustomizableUI.sys.mjs:1788
console.error: CustomizableUI: 
  TypeError: aNode is null -- resource:///modules/CustomizableUI.sys.mjs:1788
console.error: CustomizableUI: 
  TypeError: aNode is null -- resource:///modules/CustomizableUI.sys.mjs:1788
[Child 4858, MediaDecoderStateMachine #1] WARNING: Decoder=7ff31f731a00 state=DECODING_METADATA Decode metadata failed, shutting down decoder: file /builds/worker/checkouts/gecko/dom/media/MediaDecoderStateMachine.cpp:372
[Child 4858, MediaDecoderStateMachine #1] WARNING: Decoder=7ff31f731a00 Decode error: NS_ERROR_DOM_MEDIA_METADATA_ERR (0x806e0006): file /builds/worker/checkouts/gecko/dom/media/MediaDecoderStateMachineBase.cpp:167
1729300784297	Marionette	INFO	Stopped listening on port 43053
1729300845928	geckodriver	INFO	Listening on 127.0.0.1:43055
1729300846433	mozrunner::runner	INFO	Running command: MOZ_CRASHREPORTER="1" MOZ_CRASHREPORTER_NO_REPORT="1" MOZ_CRASHREPORTER_SHUTDOWN="1" MOZ_NO_REMOTE="1" "/opt ... ss" "--remote-debugging-port" "49817" "--remote-allow-hosts" "localhost" "-no-remote" "-profile" "/tmp/rust_mozprofileTp5LJQ"
*** You are running in headless mode.
console.warn: services.settings: Ignoring preference override of remote settings server
console.warn: services.settings: Allow by setting MOZ_REMOTE_SETTINGS_DEVTOOLS=1 in the environment
[GFX1-]: glxtest: Unable to open a connection to the X server
1729300846623	Marionette	INFO	Marionette enabled
console.error: "Warning: unrecognized command line flag" "-width"
console.error: "Warning: unrecognized command line flag" "-height"
1729300846687	Marionette	INFO	Listening on port 40297
WebDriver BiDi listening on ws://127.0.0.1:49817
Read port: 40297
1729300846824	RemoteAgent	WARN	TLS certificate errors will be ignored for this session
[GFX1-]: RenderCompositorSWGL failed mapping default framebuffer, no dt
console.error: ({})
[Child 5899, MediaDecoderStateMachine #1] WARNING: Decoder=7f9e2172eb00 Decode error: NS_ERROR_DOM_MEDIA_FATAL_ERR (0x806e0005) - Error no decoder found for audio/mp4a-latm: file /builds/worker/checkouts/gecko/dom/media/MediaDecoderStateMachineBase.cpp:167
[Child 5899, MediaDecoderStateMachine #1] WARNING: Decoder=7f9e2172eb00 Decode error: NS_ERROR_DOM_MEDIA_FATAL_ERR (0x806e0005) - Error no decoder found for video/avc: file /builds/worker/checkouts/gecko/dom/media/MediaDecoderStateMachineBase.cpp:167
[Child 5899, MediaDecoderStateMachine #1] WARNING: Decoder=7f9e2172f400 state=DECODING_METADATA Decode metadata failed, shutting down decoder: file /builds/worker/checkouts/gecko/dom/media/MediaDecoderStateMachine.cpp:372
[Child 5899, MediaDecoderStateMachine #1] WARNING: Decoder=7f9e2172f400 Decode error: NS_ERROR_DOM_MEDIA_METADATA_ERR (0x806e0006): file /builds/worker/checkouts/gecko/dom/media/MediaDecoderStateMachineBase.cpp:167
[Child 5899, MediaDecoderStateMachine #1] WARNING: Decoder=7f9e2172f700 state=DECODING_METADATA Decode metadata failed, shutting down decoder: file /builds/worker/checkouts/gecko/dom/media/MediaDecoderStateMachine.cpp:372
[Child 5899, MediaDecoderStateMachine #1] WARNING: Decoder=7f9e2172f700 Decode error: NS_ERROR_DOM_MEDIA_METADATA_ERR (0x806e0006): file /builds/worker/checkouts/gecko/dom/media/MediaDecoderStateMachineBase.cpp:167
1729300861178	Marionette	INFO	Stopped listening on port 40297
1729300861778	geckodriver	INFO	Listening on 127.0.0.1:40931
1729300862283	mozrunner::runner	INFO	Running command: MOZ_CRASHREPORTER="1" MOZ_CRASHREPORTER_NO_REPORT="1" MOZ_CRASHREPORTER_SHUTDOWN="1" MOZ_NO_REMOTE="1" "/opt ... ss" "--remote-debugging-port" "47357" "--remote-allow-hosts" "localhost" "-no-remote" "-profile" "/tmp/rust_mozprofileyi3TkK"
*** You are running in headless mode.
console.warn: services.settings: Ignoring preference override of remote settings server
console.warn: services.settings: Allow by setting MOZ_REMOTE_SETTINGS_DEVTOOLS=1 in the environment
[GFX1-]: glxtest: Unable to open a connection to the X server
1729300862468	Marionette	INFO	Marionette enabled
console.error: "Warning: unrecognized command line flag" "-width"
console.error: "Warning: unrecognized command line flag" "-height"
1729300862532	Marionette	INFO	Listening on port 36911
WebDriver BiDi listening on ws://127.0.0.1:47357
Read port: 36911
1729300862684	RemoteAgent	WARN	TLS certificate errors will be ignored for this session
[GFX1-]: RenderCompositorSWGL failed mapping default framebuffer, no dt
console.error: ({})
console.error: CustomizableUI: 
  TypeError: aNode is null -- resource:///modules/CustomizableUI.sys.mjs:1788
console.error: CustomizableUI: 
  TypeError: aNode is null -- resource:///modules/CustomizableUI.sys.mjs:1788
console.error: CustomizableUI: 
  TypeError: aNode is null -- resource:///modules/CustomizableUI.sys.mjs:1788
[Child 6191, MediaDecoderStateMachine #1] WARNING: Decoder=7f2a56643500 Decode error: NS_ERROR_DOM_MEDIA_FATAL_ERR (0x806e0005) - Error no decoder found for audio/mp4a-latm: file /builds/worker/checkouts/gecko/dom/media/MediaDecoderStateMachineBase.cpp:167
[Child 6191, MediaDecoderStateMachine #1] WARNING: Decoder=7f2a56643500 Decode error: NS_ERROR_DOM_MEDIA_FATAL_ERR (0x806e0005) - Error no decoder found for video/avc: file /builds/worker/checkouts/gecko/dom/media/MediaDecoderStateMachineBase.cpp:167
[Child 6191, MediaDecoderStateMachine #1] WARNING: Decoder=7f2a56633400 state=DECODING_METADATA Decode metadata failed, shutting down decoder: file /builds/worker/checkouts/gecko/dom/media/MediaDecoderStateMachine.cpp:372
[Child 6191, MediaDecoderStateMachine #1] WARNING: Decoder=7f2a56633400 Decode error: NS_ERROR_DOM_MEDIA_METADATA_ERR (0x806e0006): file /builds/worker/checkouts/gecko/dom/media/MediaDecoderStateMachineBase.cpp:167
[Child 6191, MediaDecoderStateMachine #1] WARNING: Decoder=7f2a56a63700 Decode error: NS_ERROR_DOM_MEDIA_FATAL_ERR (0x806e0005) - Error no decoder found for video/avc: file /builds/worker/checkouts/gecko/dom/media/MediaDecoderStateMachineBase.cpp:167
1729300878155	Marionette	INFO	Stopped listening on port 36911
